TN:
SF:/Users/veith/Projects/veith/furo-util/de-bounce.html
FN:15,(anonymous_1)
FN:21,(anonymous_2)
FN:25,(anonymous_3)
FN:53,(anonymous_4)
FN:78,(anonymous_5)
FN:85,(anonymous_6)
FNF:6
FNH:6
FNDA:24,(anonymous_1)
FNDA:8,(anonymous_2)
FNDA:4,(anonymous_3)
FNDA:41,(anonymous_4)
FNDA:31,(anonymous_5)
FNDA:50,(anonymous_6)
DA:16,24
DA:17,24
DA:18,24
DA:22,8
DA:26,4
DA:55,41
DA:56,41
DA:57,41
DA:58,28
DA:59,25
DA:60,16
DA:61,16
DA:62,16
DA:66,3
DA:67,3
DA:68,2
DA:69,2
DA:79,31
DA:80,31
DA:81,31
DA:82,31
DA:100,50
DA:101,50
DA:102,50
DA:103,50
DA:107,2
LF:26
LH:26
BRDA:57,1,0,28
BRDA:57,1,1,13
BRDA:58,2,0,25
BRDA:58,2,1,3
BRF:4
BRH:4
end_of_record
TN:
SF:/Users/veith/Projects/veith/furo-util/default-value.html
FN:20,(anonymous_1)
FN:24,(anonymous_2)
FN:28,(anonymous_3)
FN:48,(anonymous_4)
FN:57,(anonymous_5)
FNF:5
FNH:5
FNDA:4,(anonymous_1)
FNDA:4,(anonymous_2)
FNDA:2,(anonymous_3)
FNDA:1,(anonymous_4)
FNDA:3,(anonymous_5)
DA:21,4
DA:25,4
DA:29,2
DA:49,1
DA:58,3
DA:59,2
DA:61,1
DA:66,1
LF:8
LH:8
BRDA:58,1,0,2
BRDA:58,1,1,1
BRF:2
BRH:2
end_of_record
TN:
SF:/Users/veith/Projects/veith/furo-util/state-mixin.html
FN:45,(anonymous_1)
FN:53,(anonymous_2)
FN:83,(anonymous_3)
FN:99,(anonymous_4)
FN:112,(anonymous_5)
FN:117,(anonymous_6)
FN:128,(anonymous_7)
FN:136,(anonymous_8)
FNF:8
FNH:8
FNDA:43,(anonymous_1)
FNDA:6,(anonymous_2)
FNDA:12,(anonymous_3)
FNDA:9,(anonymous_4)
FNDA:43,(anonymous_5)
FNDA:43,(anonymous_6)
FNDA:43,(anonymous_7)
FNDA:43,(anonymous_8)
DA:5,2
DA:7,2
DA:39,2
DA:43,3
DA:46,43
DA:47,43
DA:48,43
DA:49,15
DA:54,6
DA:61,43
DA:69,43
DA:84,12
DA:85,11
DA:86,11
DA:87,5
DA:89,11
DA:90,11
DA:91,43
DA:100,9
DA:102,9
DA:103,2
DA:106,9
DA:107,4
DA:113,43
DA:114,43
DA:118,43
DA:120,43
DA:121,15
DA:129,43
DA:130,43
DA:137,43
DA:138,43
LF:32
LH:32
BRDA:48,1,0,15
BRDA:48,1,1,28
BRDA:84,2,0,11
BRDA:84,2,1,1
BRDA:84,3,0,12
BRDA:84,3,1,11
BRDA:86,4,0,5
BRDA:86,4,1,6
BRDA:102,5,0,2
BRDA:102,5,1,7
BRDA:106,6,0,4
BRDA:106,6,1,5
BRDA:120,7,0,15
BRDA:120,7,1,28
BRF:14
BRH:14
end_of_record
TN:
SF:/Users/veith/Projects/veith/furo-util/toggle-bool.html
FN:16,(anonymous_1)
FN:20,(anonymous_2)
FN:24,(anonymous_3)
FN:43,(anonymous_4)
FN:54,(anonymous_5)
FNF:5
FNH:5
FNDA:3,(anonymous_1)
FNDA:4,(anonymous_2)
FNDA:2,(anonymous_3)
FNDA:4,(anonymous_4)
FNDA:6,(anonymous_5)
DA:17,3
DA:21,4
DA:25,2
DA:44,4
DA:45,4
DA:56,6
DA:63,4
DA:64,4
DA:65,4
DA:73,2
DA:74,2
DA:75,2
DA:81,1
LF:13
LH:13
BRDA:56,1,0,4
BRDA:56,1,1,2
BRF:2
BRH:2
end_of_record
TN:
SF:/Users/veith/Projects/veith/furo-util/totmann-schalter.html
FN:51,(anonymous_1)
FN:55,(anonymous_2)
FN:59,(anonymous_3)
FN:100,(anonymous_4)
FN:111,(anonymous_5)
FN:131,(anonymous_6)
FN:138,(anonymous_7)
FN:153,(anonymous_8)
FN:174,(anonymous_9)
FNF:9
FNH:9
FNDA:9,(anonymous_1)
FNDA:4,(anonymous_2)
FNDA:2,(anonymous_3)
FNDA:17,(anonymous_4)
FNDA:14,(anonymous_5)
FNDA:9,(anonymous_6)
FNDA:9,(anonymous_7)
FNDA:5,(anonymous_8)
FNDA:8,(anonymous_9)
DA:52,9
DA:56,4
DA:60,2
DA:101,17
DA:102,8
DA:104,9
DA:105,9
DA:106,9
DA:107,9
DA:113,14
DA:114,14
DA:122,14
DA:123,14
DA:124,14
DA:125,14
DA:132,9
DA:133,9
DA:134,9
DA:145,9
DA:146,9
DA:147,9
DA:154,5
DA:155,5
DA:163,5
DA:164,5
DA:165,5
DA:176,8
DA:177,6
DA:178,6
DA:179,6
DA:184,1
LF:31
LH:31
BRDA:101,1,0,8
BRDA:101,1,1,9
BRDA:176,2,0,6
BRDA:176,2,1,2
BRF:4
BRH:4
end_of_record
